*** Starting uWSGI 2.0.17.1 (64bit) on [Sat Sep  8 19:19:04 2018] ***
compiled with version: 5.4.0 20160609 on 08 September 2018 08:06:11
os: Linux-4.13.0-41-generic #46~16.04.1-Ubuntu SMP Thu May 3 10:06:43 UTC 2018
nodename: instance-6qytbj6i
machine: x86_64
clock source: unix
pcre jit disabled
detected number of CPU cores: 1
current working directory: /home/yangfubo/download/todolist
detected binary path: /home/yangfubo/.pyenv/versions/3.6.4/envs/todolist/bin/uwsgi
chdir() to /home/yangfubo/download/todolist
*** WARNING: you are running uWSGI without its master process manager ***
your processes number limit is 3768
your memory page size is 4096 bytes
detected max file descriptor number: 1024
lock engine: pthread robust mutexes
thunder lock: disabled (you can enable it with --thunder-lock)
uWSGI http bound on :8888 fd 4
spawned uWSGI http 1 (pid: 102924)
uwsgi socket 0 bound to TCP address 127.0.0.1:41153 (port auto-assigned) fd 3
Python version: 3.6.4 (default, Sep  8 2018, 10:36:42)  [GCC 5.4.0 20160609]
Python main interpreter initialized at 0x1e48460
python threads support enabled
your server socket listen backlog is limited to 100 connections
your mercy for graceful operations on workers is 60 seconds
mapped 333504 bytes (325 KB) for 8 cores
*** Operational MODE: preforking+threaded ***
WSGI app 0 (mountpoint='') ready in 1 seconds on interpreter 0x1e48460 pid: 102923 (default app)
*** uWSGI is running in multiple interpreter mode ***
spawned uWSGI worker 1 (pid: 102923, cores: 2)
spawned uWSGI worker 2 (pid: 102926, cores: 2)
spawned uWSGI worker 3 (pid: 102927, cores: 2)
spawned uWSGI worker 4 (pid: 102928, cores: 2)
*** Starting uWSGI 2.0.17.1 (64bit) on [Sat Sep  8 19:19:31 2018] ***
compiled with version: 5.4.0 20160609 on 08 September 2018 08:06:11
os: Linux-4.13.0-41-generic #46~16.04.1-Ubuntu SMP Thu May 3 10:06:43 UTC 2018
nodename: instance-6qytbj6i
machine: x86_64
clock source: unix
pcre jit disabled
detected number of CPU cores: 1
current working directory: /home/yangfubo/download/todolist
detected binary path: /home/yangfubo/.pyenv/versions/3.6.4/envs/todolist/bin/uwsgi
chdir() to /home/yangfubo/download/todolist
*** WARNING: you are running uWSGI without its master process manager ***
your processes number limit is 3768
your memory page size is 4096 bytes
detected max file descriptor number: 1024
lock engine: pthread robust mutexes
thunder lock: disabled (you can enable it with --thunder-lock)
probably another instance of uWSGI is running on the same address (:8888).
bind(): Address already in use [core/socket.c line 769]
*** Starting uWSGI 2.0.17.1 (64bit) on [Sat Sep  8 19:19:32 2018] ***
compiled with version: 5.4.0 20160609 on 08 September 2018 08:06:11
os: Linux-4.13.0-41-generic #46~16.04.1-Ubuntu SMP Thu May 3 10:06:43 UTC 2018
nodename: instance-6qytbj6i
machine: x86_64
clock source: unix
pcre jit disabled
detected number of CPU cores: 1
current working directory: /home/yangfubo/download/todolist
detected binary path: /home/yangfubo/.pyenv/versions/3.6.4/envs/todolist/bin/uwsgi
chdir() to /home/yangfubo/download/todolist
*** WARNING: you are running uWSGI without its master process manager ***
your processes number limit is 3768
your memory page size is 4096 bytes
detected max file descriptor number: 1024
lock engine: pthread robust mutexes
thunder lock: disabled (you can enable it with --thunder-lock)
probably another instance of uWSGI is running on the same address (:8888).
bind(): Address already in use [core/socket.c line 769]
*** Starting uWSGI 2.0.17.1 (64bit) on [Sat Sep  8 19:19:34 2018] ***
compiled with version: 5.4.0 20160609 on 08 September 2018 08:06:11
os: Linux-4.13.0-41-generic #46~16.04.1-Ubuntu SMP Thu May 3 10:06:43 UTC 2018
nodename: instance-6qytbj6i
machine: x86_64
clock source: unix
pcre jit disabled
detected number of CPU cores: 1
current working directory: /home/yangfubo/download/todolist
detected binary path: /home/yangfubo/.pyenv/versions/3.6.4/envs/todolist/bin/uwsgi
chdir() to /home/yangfubo/download/todolist
*** WARNING: you are running uWSGI without its master process manager ***
your processes number limit is 3768
your memory page size is 4096 bytes
detected max file descriptor number: 1024
lock engine: pthread robust mutexes
thunder lock: disabled (you can enable it with --thunder-lock)
probably another instance of uWSGI is running on the same address (:8888).
bind(): Address already in use [core/socket.c line 769]
*** Starting uWSGI 2.0.17.1 (64bit) on [Sat Sep  8 19:19:37 2018] ***
compiled with version: 5.4.0 20160609 on 08 September 2018 08:06:11
os: Linux-4.13.0-41-generic #46~16.04.1-Ubuntu SMP Thu May 3 10:06:43 UTC 2018
nodename: instance-6qytbj6i
machine: x86_64
clock source: unix
pcre jit disabled
detected number of CPU cores: 1
current working directory: /home/yangfubo/download/todolist
detected binary path: /home/yangfubo/.pyenv/versions/3.6.4/envs/todolist/bin/uwsgi
chdir() to /home/yangfubo/download/todolist
*** WARNING: you are running uWSGI without its master process manager ***
your processes number limit is 3768
your memory page size is 4096 bytes
detected max file descriptor number: 1024
lock engine: pthread robust mutexes
thunder lock: disabled (you can enable it with --thunder-lock)
probably another instance of uWSGI is running on the same address (:8888).
bind(): Address already in use [core/socket.c line 769]
*** Starting uWSGI 2.0.17.1 (64bit) on [Sat Sep  8 19:28:06 2018] ***
compiled with version: 5.4.0 20160609 on 08 September 2018 08:06:11
os: Linux-4.13.0-41-generic #46~16.04.1-Ubuntu SMP Thu May 3 10:06:43 UTC 2018
nodename: instance-6qytbj6i
machine: x86_64
clock source: unix
pcre jit disabled
detected number of CPU cores: 1
current working directory: /home/yangfubo/download/todolist
detected binary path: /home/yangfubo/.pyenv/versions/3.6.4/envs/todolist/bin/uwsgi
chdir() to /home/yangfubo/download/todolist
*** WARNING: you are running uWSGI without its master process manager ***
your processes number limit is 3768
your memory page size is 4096 bytes
detected max file descriptor number: 1024
lock engine: pthread robust mutexes
thunder lock: disabled (you can enable it with --thunder-lock)
probably another instance of uWSGI is running on the same address (:8888).
bind(): Address already in use [core/socket.c line 769]
*** Starting uWSGI 2.0.17.1 (64bit) on [Sat Sep  8 19:28:07 2018] ***
compiled with version: 5.4.0 20160609 on 08 September 2018 08:06:11
os: Linux-4.13.0-41-generic #46~16.04.1-Ubuntu SMP Thu May 3 10:06:43 UTC 2018
nodename: instance-6qytbj6i
machine: x86_64
clock source: unix
pcre jit disabled
detected number of CPU cores: 1
current working directory: /home/yangfubo/download/todolist
detected binary path: /home/yangfubo/.pyenv/versions/3.6.4/envs/todolist/bin/uwsgi
chdir() to /home/yangfubo/download/todolist
*** WARNING: you are running uWSGI without its master process manager ***
your processes number limit is 3768
your memory page size is 4096 bytes
detected max file descriptor number: 1024
lock engine: pthread robust mutexes
thunder lock: disabled (you can enable it with --thunder-lock)
probably another instance of uWSGI is running on the same address (:8888).
bind(): Address already in use [core/socket.c line 769]
*** Starting uWSGI 2.0.17.1 (64bit) on [Sat Sep  8 19:28:09 2018] ***
compiled with version: 5.4.0 20160609 on 08 September 2018 08:06:11
os: Linux-4.13.0-41-generic #46~16.04.1-Ubuntu SMP Thu May 3 10:06:43 UTC 2018
nodename: instance-6qytbj6i
machine: x86_64
clock source: unix
pcre jit disabled
detected number of CPU cores: 1
current working directory: /home/yangfubo/download/todolist
detected binary path: /home/yangfubo/.pyenv/versions/3.6.4/envs/todolist/bin/uwsgi
chdir() to /home/yangfubo/download/todolist
*** WARNING: you are running uWSGI without its master process manager ***
your processes number limit is 3768
your memory page size is 4096 bytes
detected max file descriptor number: 1024
lock engine: pthread robust mutexes
thunder lock: disabled (you can enable it with --thunder-lock)
probably another instance of uWSGI is running on the same address (:8888).
bind(): Address already in use [core/socket.c line 769]
*** Starting uWSGI 2.0.17.1 (64bit) on [Sat Sep  8 19:28:12 2018] ***
compiled with version: 5.4.0 20160609 on 08 September 2018 08:06:11
os: Linux-4.13.0-41-generic #46~16.04.1-Ubuntu SMP Thu May 3 10:06:43 UTC 2018
nodename: instance-6qytbj6i
machine: x86_64
clock source: unix
pcre jit disabled
detected number of CPU cores: 1
current working directory: /home/yangfubo/download/todolist
detected binary path: /home/yangfubo/.pyenv/versions/3.6.4/envs/todolist/bin/uwsgi
chdir() to /home/yangfubo/download/todolist
*** WARNING: you are running uWSGI without its master process manager ***
your processes number limit is 3768
your memory page size is 4096 bytes
detected max file descriptor number: 1024
lock engine: pthread robust mutexes
thunder lock: disabled (you can enable it with --thunder-lock)
probably another instance of uWSGI is running on the same address (:8888).
bind(): Address already in use [core/socket.c line 769]
*** Starting uWSGI 2.0.17.1 (64bit) on [Sat Sep  8 19:31:43 2018] ***
compiled with version: 5.4.0 20160609 on 08 September 2018 08:06:11
os: Linux-4.13.0-41-generic #46~16.04.1-Ubuntu SMP Thu May 3 10:06:43 UTC 2018
nodename: instance-6qytbj6i
machine: x86_64
clock source: unix
pcre jit disabled
detected number of CPU cores: 1
current working directory: /home/yangfubo/download/todolist
detected binary path: /home/yangfubo/.pyenv/versions/3.6.4/envs/todolist/bin/uwsgi
chdir() to /home/yangfubo/download/todolist
*** WARNING: you are running uWSGI without its master process manager ***
your processes number limit is 3768
your memory page size is 4096 bytes
detected max file descriptor number: 1024
lock engine: pthread robust mutexes
thunder lock: disabled (you can enable it with --thunder-lock)
uWSGI http bound on 127.0.0.1:8888 fd 4
spawned uWSGI http 1 (pid: 104567)
uwsgi socket 0 bound to TCP address 127.0.0.1:38673 (port auto-assigned) fd 3
Python version: 3.6.4 (default, Sep  8 2018, 10:36:42)  [GCC 5.4.0 20160609]
Python main interpreter initialized at 0x280e460
python threads support enabled
your server socket listen backlog is limited to 100 connections
your mercy for graceful operations on workers is 60 seconds
mapped 333504 bytes (325 KB) for 8 cores
*** Operational MODE: preforking+threaded ***
WSGI app 0 (mountpoint='') ready in 1 seconds on interpreter 0x280e460 pid: 104566 (default app)
*** uWSGI is running in multiple interpreter mode ***
spawned uWSGI worker 1 (pid: 104566, cores: 2)
spawned uWSGI worker 2 (pid: 104569, cores: 2)
spawned uWSGI worker 3 (pid: 104570, cores: 2)
spawned uWSGI worker 4 (pid: 104571, cores: 2)
*** Starting uWSGI 2.0.17.1 (64bit) on [Sat Sep  8 19:32:05 2018] ***
compiled with version: 5.4.0 20160609 on 08 September 2018 08:06:11
os: Linux-4.13.0-41-generic #46~16.04.1-Ubuntu SMP Thu May 3 10:06:43 UTC 2018
nodename: instance-6qytbj6i
machine: x86_64
clock source: unix
pcre jit disabled
detected number of CPU cores: 1
current working directory: /home/yangfubo/download/todolist
detected binary path: /home/yangfubo/.pyenv/versions/3.6.4/envs/todolist/bin/uwsgi
chdir() to /home/yangfubo/download/todolist
*** WARNING: you are running uWSGI without its master process manager ***
your processes number limit is 3768
your memory page size is 4096 bytes
detected max file descriptor number: 1024
lock engine: pthread robust mutexes
thunder lock: disabled (you can enable it with --thunder-lock)
probably another instance of uWSGI is running on the same address (127.0.0.1:8888).
bind(): Address already in use [core/socket.c line 769]
*** Starting uWSGI 2.0.17.1 (64bit) on [Sat Sep  8 19:32:06 2018] ***
compiled with version: 5.4.0 20160609 on 08 September 2018 08:06:11
os: Linux-4.13.0-41-generic #46~16.04.1-Ubuntu SMP Thu May 3 10:06:43 UTC 2018
nodename: instance-6qytbj6i
machine: x86_64
clock source: unix
pcre jit disabled
detected number of CPU cores: 1
current working directory: /home/yangfubo/download/todolist
detected binary path: /home/yangfubo/.pyenv/versions/3.6.4/envs/todolist/bin/uwsgi
chdir() to /home/yangfubo/download/todolist
*** WARNING: you are running uWSGI without its master process manager ***
your processes number limit is 3768
your memory page size is 4096 bytes
detected max file descriptor number: 1024
lock engine: pthread robust mutexes
thunder lock: disabled (you can enable it with --thunder-lock)
probably another instance of uWSGI is running on the same address (127.0.0.1:8888).
bind(): Address already in use [core/socket.c line 769]
*** Starting uWSGI 2.0.17.1 (64bit) on [Sat Sep  8 19:32:08 2018] ***
compiled with version: 5.4.0 20160609 on 08 September 2018 08:06:11
os: Linux-4.13.0-41-generic #46~16.04.1-Ubuntu SMP Thu May 3 10:06:43 UTC 2018
nodename: instance-6qytbj6i
machine: x86_64
clock source: unix
pcre jit disabled
detected number of CPU cores: 1
current working directory: /home/yangfubo/download/todolist
detected binary path: /home/yangfubo/.pyenv/versions/3.6.4/envs/todolist/bin/uwsgi
chdir() to /home/yangfubo/download/todolist
*** WARNING: you are running uWSGI without its master process manager ***
your processes number limit is 3768
your memory page size is 4096 bytes
detected max file descriptor number: 1024
lock engine: pthread robust mutexes
thunder lock: disabled (you can enable it with --thunder-lock)
probably another instance of uWSGI is running on the same address (127.0.0.1:8888).
bind(): Address already in use [core/socket.c line 769]
*** Starting uWSGI 2.0.17.1 (64bit) on [Sat Sep  8 19:32:11 2018] ***
compiled with version: 5.4.0 20160609 on 08 September 2018 08:06:11
os: Linux-4.13.0-41-generic #46~16.04.1-Ubuntu SMP Thu May 3 10:06:43 UTC 2018
nodename: instance-6qytbj6i
machine: x86_64
clock source: unix
pcre jit disabled
detected number of CPU cores: 1
current working directory: /home/yangfubo/download/todolist
detected binary path: /home/yangfubo/.pyenv/versions/3.6.4/envs/todolist/bin/uwsgi
chdir() to /home/yangfubo/download/todolist
*** WARNING: you are running uWSGI without its master process manager ***
your processes number limit is 3768
your memory page size is 4096 bytes
detected max file descriptor number: 1024
lock engine: pthread robust mutexes
thunder lock: disabled (you can enable it with --thunder-lock)
probably another instance of uWSGI is running on the same address (127.0.0.1:8888).
bind(): Address already in use [core/socket.c line 769]
*** Starting uWSGI 2.0.17.1 (64bit) on [Sat Sep  8 19:37:01 2018] ***
compiled with version: 5.4.0 20160609 on 08 September 2018 08:06:11
os: Linux-4.13.0-41-generic #46~16.04.1-Ubuntu SMP Thu May 3 10:06:43 UTC 2018
nodename: instance-6qytbj6i
machine: x86_64
clock source: unix
pcre jit disabled
detected number of CPU cores: 1
current working directory: /home/yangfubo/download/todolist
detected binary path: /home/yangfubo/.pyenv/versions/3.6.4/envs/todolist/bin/uwsgi
chdir() to /home/yangfubo/download/todolist
*** WARNING: you are running uWSGI without its master process manager ***
your processes number limit is 3768
your memory page size is 4096 bytes
detected max file descriptor number: 1024
lock engine: pthread robust mutexes
thunder lock: disabled (you can enable it with --thunder-lock)
uWSGI http bound on 127.0.0.1:8888 fd 4
spawned uWSGI http 1 (pid: 105407)
uwsgi socket 0 bound to TCP address 127.0.0.1:33295 (port auto-assigned) fd 3
Python version: 3.6.4 (default, Sep  8 2018, 10:36:42)  [GCC 5.4.0 20160609]
Python main interpreter initialized at 0xf7c3f0
python threads support enabled
your server socket listen backlog is limited to 100 connections
your mercy for graceful operations on workers is 60 seconds
mapped 83376 bytes (81 KB) for 2 cores
*** Operational MODE: threaded ***
WSGI app 0 (mountpoint='') ready in 0 seconds on interpreter 0xf7c3f0 pid: 105406 (default app)
*** uWSGI is running in multiple interpreter mode ***
spawned uWSGI worker 1 (and the only) (pid: 105406, cores: 2)
*** Starting uWSGI 2.0.17.1 (64bit) on [Sat Sep  8 19:37:20 2018] ***
compiled with version: 5.4.0 20160609 on 08 September 2018 08:06:11
os: Linux-4.13.0-41-generic #46~16.04.1-Ubuntu SMP Thu May 3 10:06:43 UTC 2018
nodename: instance-6qytbj6i
machine: x86_64
clock source: unix
pcre jit disabled
detected number of CPU cores: 1
current working directory: /home/yangfubo/download/todolist
detected binary path: /home/yangfubo/.pyenv/versions/3.6.4/envs/todolist/bin/uwsgi
chdir() to /home/yangfubo/download/todolist
*** WARNING: you are running uWSGI without its master process manager ***
your processes number limit is 3768
your memory page size is 4096 bytes
detected max file descriptor number: 1024
lock engine: pthread robust mutexes
thunder lock: disabled (you can enable it with --thunder-lock)
uWSGI http bound on 127.0.0.1:8888 fd 4
spawned uWSGI http 1 (pid: 105413)
uwsgi socket 0 bound to TCP address 127.0.0.1:40541 (port auto-assigned) fd 3
Python version: 3.6.4 (default, Sep  8 2018, 10:36:42)  [GCC 5.4.0 20160609]
Python main interpreter initialized at 0x1b8c3f0
python threads support enabled
your server socket listen backlog is limited to 100 connections
your mercy for graceful operations on workers is 60 seconds
mapped 83376 bytes (81 KB) for 2 cores
*** Operational MODE: threaded ***
WSGI app 0 (mountpoint='') ready in 1 seconds on interpreter 0x1b8c3f0 pid: 105412 (default app)
*** uWSGI is running in multiple interpreter mode ***
spawned uWSGI worker 1 (and the only) (pid: 105412, cores: 2)
